[2024-08-21T17:33:46.127Z] Connected to servers: battlefield of dead bots (ID: 1039308027347607682), Bots (ID: 1210651060364910602)
[2024-08-21T17:33:46.128Z] Blacklisted channels in battlefield of dead bots (1039308027347607682): 
[2024-08-21T17:33:46.128Z] Blacklisted channels in Bots (1210651060364910602): 
[2024-08-21T17:34:03.498Z] Message is in a blacklisted channel, ignoring.
[2024-08-21T17:34:19.234Z] Message is in a blacklisted channel, ignoring.
[2024-08-21T17:34:28.300Z] Message is in a blacklisted channel, ignoring.
[2024-08-21T17:35:22.970Z] Message is in a blacklisted channel, ignoring.
[2024-08-21T17:35:23.401Z] Message is in a blacklisted channel, ignoring.
[2024-08-21T17:35:31.056Z] Message is in a blacklisted channel, ignoring.
[2024-08-21T17:35:31.504Z] Message is in a blacklisted channel, ignoring.
[2024-08-21T17:35:52.733Z] Cleaned message content: こんにちは
[2024-08-21T17:35:52.735Z] Detected language: ja
[2024-08-21T17:35:52.735Z] Attempting to translate text: こんにちは
[2024-08-21T17:35:52.894Z] API Response: {"detectedLanguage":{"confidence":90,"language":"ja"},"translatedText":"Hello"}
[2024-08-21T17:35:52.895Z] Detected confidence: 90
[2024-08-21T17:35:52.896Z] Translation result: Hello, Language: Japanese, Flag URL: https://flagcdn.com/w40/jp.png
[2024-08-21T17:35:53.094Z] Error processing message: DiscordAPIError[10008]: Unknown Message
    at handleErrors (J:\Documents\Discord JS Code\Translate Bot\LibreTranslate-Translator-Bot---Discord.js-Bot\node_modules\@discordjs\rest\dist\index.js:730:13)
    at process.processTicksAndRejections (node:internal/process/task_queues:95:5)
    at async SequentialHandler.runRequest (J:\Documents\Discord JS Code\Translate Bot\LibreTranslate-Translator-Bot---Discord.js-Bot\node_modules\@discordjs\rest\dist\index.js:1133:23)
    at async SequentialHandler.queueRequest (J:\Documents\Discord JS Code\Translate Bot\LibreTranslate-Translator-Bot---Discord.js-Bot\node_modules\@discordjs\rest\dist\index.js:963:14)
    at async _REST.request (J:\Documents\Discord JS Code\Translate Bot\LibreTranslate-Translator-Bot---Discord.js-Bot\node_modules\@discordjs\rest\dist\index.js:1278:22)
    at async GuildMessageManager.delete (J:\Documents\Discord JS Code\Translate Bot\LibreTranslate-Translator-Bot---Discord.js-Bot\node_modules\discord.js\src\managers\MessageManager.js:267:5)
    at async Message.delete (J:\Documents\Discord JS Code\Translate Bot\LibreTranslate-Translator-Bot---Discord.js-Bot\node_modules\discord.js\src\structures\Message.js:842:5)
    at async Client.<anonymous> (file:///J:/Documents/Discord%20JS%20Code/Translate%20Bot/LibreTranslate-Translator-Bot---Discord.js-Bot/testindex.mjs:294:13)
[2024-08-21T17:35:56.242Z] Cleaned message content: こんにちは
[2024-08-21T17:35:56.243Z] Detected language: ja
[2024-08-21T17:35:56.243Z] Attempting to translate text: こんにちは
[2024-08-21T17:35:56.322Z] API Response: {"detectedLanguage":{"confidence":90,"language":"ja"},"translatedText":"Hello"}
[2024-08-21T17:35:56.323Z] Detected confidence: 90
[2024-08-21T17:35:56.323Z] Translation result: Hello, Language: Japanese, Flag URL: https://flagcdn.com/w40/jp.png
[2024-08-21T17:35:56.483Z] Error processing message: DiscordAPIError[10008]: Unknown Message
    at handleErrors (J:\Documents\Discord JS Code\Translate Bot\LibreTranslate-Translator-Bot---Discord.js-Bot\node_modules\@discordjs\rest\dist\index.js:730:13)
    at process.processTicksAndRejections (node:internal/process/task_queues:95:5)
    at async SequentialHandler.runRequest (J:\Documents\Discord JS Code\Translate Bot\LibreTranslate-Translator-Bot---Discord.js-Bot\node_modules\@discordjs\rest\dist\index.js:1133:23)
    at async SequentialHandler.queueRequest (J:\Documents\Discord JS Code\Translate Bot\LibreTranslate-Translator-Bot---Discord.js-Bot\node_modules\@discordjs\rest\dist\index.js:963:14)
    at async _REST.request (J:\Documents\Discord JS Code\Translate Bot\LibreTranslate-Translator-Bot---Discord.js-Bot\node_modules\@discordjs\rest\dist\index.js:1278:22)
    at async GuildMessageManager.delete (J:\Documents\Discord JS Code\Translate Bot\LibreTranslate-Translator-Bot---Discord.js-Bot\node_modules\discord.js\src\managers\MessageManager.js:267:5)
    at async Message.delete (J:\Documents\Discord JS Code\Translate Bot\LibreTranslate-Translator-Bot---Discord.js-Bot\node_modules\discord.js\src\structures\Message.js:842:5)
    at async Client.<anonymous> (file:///J:/Documents/Discord%20JS%20Code/Translate%20Bot/LibreTranslate-Translator-Bot---Discord.js-Bot/testindex.mjs:294:13)
[2024-08-21T17:36:17.329Z] Cleaned message content: 1231393963785584731
[2024-08-21T17:36:17.330Z] Error processing message: TypeError: Cannot read properties of null (reading 'length')
    at exports.detectOne (J:\Documents\Discord JS Code\Translate Bot\LibreTranslate-Translator-Bot---Discord.js-Bot\node_modules\langdetect\index.js:98:18)
    at Client.<anonymous> (file:///J:/Documents/Discord%20JS%20Code/Translate%20Bot/LibreTranslate-Translator-Bot---Discord.js-Bot/testindex.mjs:272:41)
    at Client.emit (node:events:519:28)
    at MessageCreateAction.handle (J:\Documents\Discord JS Code\Translate Bot\LibreTranslate-Translator-Bot---Discord.js-Bot\node_modules\discord.js\src\client\actions\MessageCreate.js:28:14)
    at module.exports [as MESSAGE_CREATE] (J:\Documents\Discord JS Code\Translate Bot\LibreTranslate-Translator-Bot---Discord.js-Bot\node_modules\discord.js\src\client\websocket\handlers\MESSAGE_CREATE.js:4:32)
    at WebSocketManager.handlePacket (J:\Documents\Discord JS Code\Translate Bot\LibreTranslate-Translator-Bot---Discord.js-Bot\node_modules\discord.js\src\client\websocket\WebSocketManager.js:355:31)
    at WebSocketManager.<anonymous> (J:\Documents\Discord JS Code\Translate Bot\LibreTranslate-Translator-Bot---Discord.js-Bot\node_modules\discord.js\src\client\websocket\WebSocketManager.js:239:12)
    at WebSocketManager.emit (J:\Documents\Discord JS Code\Translate Bot\LibreTranslate-Translator-Bot---Discord.js-Bot\node_modules\@vladfrangu\async_event_emitter\dist\index.cjs:287:31)
    at WebSocketShard.<anonymous> (J:\Documents\Discord JS Code\Translate Bot\LibreTranslate-Translator-Bot---Discord.js-Bot\node_modules\@discordjs\ws\dist\index.js:1190:51)
    at WebSocketShard.emit (J:\Documents\Discord JS Code\Translate Bot\LibreTranslate-Translator-Bot---Discord.js-Bot\node_modules\@vladfrangu\async_event_emitter\dist\index.cjs:287:31)
[2024-08-21T17:36:24.032Z] Message is in a blacklisted channel, ignoring.
[2024-08-21T17:36:53.552Z] Cleaned message content: つまり、両方を見ることができますが、問題は、羊ギャングの役割にはメッセージの送信権限がないことです。
[2024-08-21T17:36:53.553Z] Detected language: ja
[2024-08-21T17:36:53.553Z] Attempting to translate text: つまり、両方を見ることができますが、問題は、羊ギャングの役割にはメッセージの送信権限がないことです。
[2024-08-21T17:36:54.120Z] API Response: {"detectedLanguage":{"confidence":100,"language":"ja"},"translatedText":"In other words, you can see both, but the problem is that the role of the sheep has no permission to send messages。"}
[2024-08-21T17:36:54.120Z] Detected confidence: 100
[2024-08-21T17:36:54.120Z] Translation result: In other words, you can see both, but the problem is that the role of the sheep has no permission to send messages。, Language: Japanese, Flag URL: https://flagcdn.com/w40/jp.png
[2024-08-21T17:36:54.580Z] Message translated and sent successfully.
[2024-08-21T17:39:03.550Z] Cleaned message content: 1000人殺す
[2024-08-21T17:39:03.550Z] Detected language: ja
[2024-08-21T17:39:03.551Z] Attempting to translate text: 1000人殺す
[2024-08-21T17:39:03.710Z] API Response: {"detectedLanguage":{"confidence":86,"language":"ja"},"translatedText":"1000 killers"}
[2024-08-21T17:39:03.711Z] Detected confidence: 86
[2024-08-21T17:39:03.711Z] Translation result: 1000 killers, Language: Japanese, Flag URL: https://flagcdn.com/w40/jp.png
[2024-08-21T17:39:03.938Z] Error processing message: DiscordAPIError[10008]: Unknown Message
    at handleErrors (J:\Documents\Discord JS Code\Translate Bot\LibreTranslate-Translator-Bot---Discord.js-Bot\node_modules\@discordjs\rest\dist\index.js:730:13)
    at process.processTicksAndRejections (node:internal/process/task_queues:95:5)
    at async SequentialHandler.runRequest (J:\Documents\Discord JS Code\Translate Bot\LibreTranslate-Translator-Bot---Discord.js-Bot\node_modules\@discordjs\rest\dist\index.js:1133:23)
    at async SequentialHandler.queueRequest (J:\Documents\Discord JS Code\Translate Bot\LibreTranslate-Translator-Bot---Discord.js-Bot\node_modules\@discordjs\rest\dist\index.js:963:14)
    at async _REST.request (J:\Documents\Discord JS Code\Translate Bot\LibreTranslate-Translator-Bot---Discord.js-Bot\node_modules\@discordjs\rest\dist\index.js:1278:22)
    at async GuildMessageManager.delete (J:\Documents\Discord JS Code\Translate Bot\LibreTranslate-Translator-Bot---Discord.js-Bot\node_modules\discord.js\src\managers\MessageManager.js:267:5)
    at async Message.delete (J:\Documents\Discord JS Code\Translate Bot\LibreTranslate-Translator-Bot---Discord.js-Bot\node_modules\discord.js\src\structures\Message.js:842:5)
    at async Client.<anonymous> (file:///J:/Documents/Discord%20JS%20Code/Translate%20Bot/LibreTranslate-Translator-Bot---Discord.js-Bot/testindex.mjs:294:13)
[2024-08-21T17:39:10.764Z] Cleaned message content: kill 1000
[2024-08-21T17:39:10.764Z] Detected language: fi
[2024-08-21T17:39:10.764Z] Attempting to translate text: kill 1000
[2024-08-21T17:39:10.923Z] API Response: {"detectedLanguage":{"confidence":18,"language":"en"},"translatedText":"kill 1000"}
[2024-08-21T17:39:10.924Z] Detected confidence: 18
[2024-08-21T17:39:10.924Z] Translation skipped due to low confidence: 18
[2024-08-21T17:39:10.924Z] Translation result: null, Language: null, Flag URL: null
[2024-08-21T17:39:15.755Z] Cleaned message content: kill 11
[2024-08-21T17:39:15.755Z] Detected language: fi
[2024-08-21T17:39:15.755Z] Attempting to translate text: kill 11
[2024-08-21T17:39:15.837Z] API Response: {"detectedLanguage":{"confidence":18,"language":"en"},"translatedText":"kill 11"}
[2024-08-21T17:39:15.837Z] Detected confidence: 18
[2024-08-21T17:39:15.837Z] Translation skipped due to low confidence: 18
[2024-08-21T17:39:15.837Z] Translation result: null, Language: null, Flag URL: null
[2024-08-21T17:39:23.315Z] Cleaned message content: kill 11
[2024-08-21T17:39:23.316Z] Detected language: fi
[2024-08-21T17:39:23.316Z] Attempting to translate text: kill 11
[2024-08-21T17:39:23.482Z] API Response: {"detectedLanguage":{"confidence":18,"language":"en"},"translatedText":"kill 11"}
[2024-08-21T17:39:23.483Z] Detected confidence: 18
[2024-08-21T17:39:23.483Z] Translation skipped due to low confidence: 18
[2024-08-21T17:39:23.483Z] Translation result: null, Language: null, Flag URL: null
[2024-08-21T17:39:35.797Z] Cleaned message content: kill 15
[2024-08-21T17:39:35.798Z] Detected language: fi
[2024-08-21T17:39:35.798Z] Attempting to translate text: kill 15
[2024-08-21T17:39:35.954Z] API Response: {"detectedLanguage":{"confidence":18,"language":"en"},"translatedText":"kill 15"}
[2024-08-21T17:39:35.955Z] Detected confidence: 18
[2024-08-21T17:39:35.955Z] Translation skipped due to low confidence: 18
[2024-08-21T17:39:35.955Z] Translation result: null, Language: null, Flag URL: null
[2024-08-21T17:39:47.323Z] Cleaned message content: kill 50
[2024-08-21T17:39:47.324Z] Detected language: fi
[2024-08-21T17:39:47.324Z] Attempting to translate text: kill 50
[2024-08-21T17:39:47.482Z] API Response: {"detectedLanguage":{"confidence":18,"language":"en"},"translatedText":"kill 50"}
[2024-08-21T17:39:47.483Z] Detected confidence: 18
[2024-08-21T17:39:47.483Z] Translation skipped due to low confidence: 18
[2024-08-21T17:39:47.483Z] Translation result: null, Language: null, Flag URL: null
