[2025-02-06T19:18:09.344Z] // ############################## //
[2025-02-06T19:18:09.353Z] Loaded command: blacklist
[2025-02-06T19:18:09.355Z] Loaded command: log-channel
[2025-02-06T19:18:09.355Z] >> Preparing to load all events
[2025-02-06T19:18:09.355Z] >> Found 1 events to load
[2025-02-06T19:18:09.355Z] >> Loading event file: guildCreate.js
[2025-02-06T19:18:09.356Z] (error #%d) Error occured during start up SyntaxError: Cannot use const statement outside a module
[2025-02-06T19:18:09.356Z] // ############################## //
[2025-02-06T19:20:15.118Z] // ############################## //
[2025-02-06T19:20:15.126Z] Loaded command: blacklist
[2025-02-06T19:20:15.127Z] Loaded command: log-channel
[2025-02-06T19:20:15.127Z] >> Preparing to load all events
[2025-02-06T19:20:15.127Z] >> Found 1 events to load
[2025-02-06T19:20:15.128Z] >> Loading event file: guildCreate.js
[2025-02-06T19:20:15.128Z] (error #%d) Error occured during start up SyntaxError: Cannot use const statement outside a module
[2025-02-06T19:20:15.128Z] // ############################## //
[2025-02-06T19:20:34.816Z] // ############################## //
[2025-02-06T19:20:34.824Z] Loaded command: blacklist
[2025-02-06T19:20:34.825Z] Loaded command: log-channel
[2025-02-06T19:20:34.825Z] >> Preparing to load all events
[2025-02-06T19:20:34.825Z] >> Found 1 events to load
[2025-02-06T19:20:34.826Z] >> Loading event file: guildCreate.js
[2025-02-06T19:20:34.826Z] (error #%d) Error occured during start up Error: Cannot find module './utils/utils-logger.js'
Require stack:
- J:\Documents\! == FYP Code\Discord Bot\src\events\guildCreate.js
- J:\Documents\! == FYP Code\Discord Bot\src\index.js
[2025-02-06T19:20:34.826Z] // ############################## //
[2025-02-06T19:20:52.878Z] // ############################## //
[2025-02-06T19:20:52.886Z] Loaded command: blacklist
[2025-02-06T19:20:52.888Z] Loaded command: log-channel
[2025-02-06T19:20:52.888Z] >> Preparing to load all events
[2025-02-06T19:20:52.888Z] >> Found 1 events to load
[2025-02-06T19:20:52.888Z] >> Loading event file: guildCreate.js
[2025-02-06T19:20:52.890Z] Loaded event: guildCreate
[2025-02-06T19:20:52.890Z] >> Registering recurring event: guildCreate
[2025-02-06T19:21:12.107Z] // ############################## //
[2025-02-06T19:21:12.114Z] Loaded command: blacklist
[2025-02-06T19:21:12.115Z] Loaded command: log-channel
[2025-02-06T19:21:12.115Z] >> Preparing to load all events
[2025-02-06T19:21:12.115Z] >> Found 4 events to load
[2025-02-06T19:21:12.116Z] >> Loading event file: guildCreate.js
[2025-02-06T19:21:12.117Z] Loaded event: guildCreate
[2025-02-06T19:21:12.117Z] >> Registering recurring event: guildCreate
[2025-02-06T19:21:12.117Z] >> Loading event file: interactionCreate.js
[2025-02-06T19:21:12.117Z] Loaded event: interactionCreate
[2025-02-06T19:21:12.117Z] >> Registering recurring event: interactionCreate
[2025-02-06T19:21:12.118Z] >> Loading event file: messageCreate.js
[2025-02-06T19:21:12.131Z] (error #%d) Error occured during start up SyntaxError: Cannot use const statement outside a module
[2025-02-06T19:21:12.131Z] // ############################## //
[2025-02-06T19:22:07.321Z] // ############################## //
[2025-02-06T19:22:07.330Z] Loaded command: blacklist
[2025-02-06T19:22:07.331Z] Loaded command: log-channel
[2025-02-06T19:22:07.331Z] >> Preparing to load all events
[2025-02-06T19:22:07.332Z] >> Found 4 events to load
[2025-02-06T19:22:07.332Z] >> Loading event file: guildCreate.js
[2025-02-06T19:22:07.333Z] Loaded event: guildCreate
[2025-02-06T19:22:07.333Z] >> Registering recurring event: guildCreate
[2025-02-06T19:22:07.333Z] >> Loading event file: interactionCreate.js
[2025-02-06T19:22:07.334Z] Loaded event: interactionCreate
[2025-02-06T19:22:07.334Z] >> Registering recurring event: interactionCreate
[2025-02-06T19:22:07.334Z] >> Loading event file: messageCreate.js
[2025-02-06T19:22:07.335Z] (error #%d) Error occured during start up Error: Cannot find module '../models/ignoreWordsModel.js'
Require stack:
- J:\Documents\! == FYP Code\Discord Bot\src\events\messageCreate.js
- J:\Documents\! == FYP Code\Discord Bot\src\index.js
[2025-02-06T19:22:07.335Z] // ############################## //
[2025-02-06T19:22:29.368Z] // ############################## //
[2025-02-06T19:22:29.375Z] Loaded command: blacklist
[2025-02-06T19:22:29.377Z] Loaded command: log-channel
[2025-02-06T19:22:29.377Z] >> Preparing to load all events
[2025-02-06T19:22:29.377Z] >> Found 4 events to load
[2025-02-06T19:22:29.377Z] >> Loading event file: guildCreate.js
[2025-02-06T19:22:29.378Z] Loaded event: guildCreate
[2025-02-06T19:22:29.378Z] >> Registering recurring event: guildCreate
[2025-02-06T19:22:29.378Z] >> Loading event file: interactionCreate.js
[2025-02-06T19:22:29.379Z] Loaded event: interactionCreate
[2025-02-06T19:22:29.379Z] >> Registering recurring event: interactionCreate
[2025-02-06T19:22:29.379Z] >> Loading event file: messageCreate.js
[2025-02-06T19:22:29.382Z] (error #%d) Error occured during start up SyntaxError: Cannot use const statement outside a module
[2025-02-06T19:22:29.382Z] // ############################## //
[2025-02-06T19:23:30.926Z] // ############################## //
[2025-02-06T19:23:30.934Z] Loaded command: blacklist
[2025-02-06T19:23:30.936Z] Loaded command: log-channel
[2025-02-06T19:23:30.936Z] >> Preparing to load all events
[2025-02-06T19:23:30.936Z] >> Found 4 events to load
[2025-02-06T19:23:30.936Z] >> Loading event file: guildCreate.js
[2025-02-06T19:23:30.937Z] Loaded event: guildCreate
[2025-02-06T19:23:30.937Z] >> Registering recurring event: guildCreate
[2025-02-06T19:23:30.938Z] >> Loading event file: interactionCreate.js
[2025-02-06T19:23:30.938Z] Loaded event: interactionCreate
[2025-02-06T19:23:30.938Z] >> Registering recurring event: interactionCreate
[2025-02-06T19:23:30.938Z] >> Loading event file: messageCreate.js
[2025-02-06T19:23:30.941Z] (error #%d) Error occured during start up SyntaxError: Cannot use const statement outside a module
[2025-02-06T19:23:30.941Z] // ############################## //
[2025-02-06T19:26:13.944Z] // ############################## //
[2025-02-06T19:26:13.952Z] Loaded command: blacklist
[2025-02-06T19:26:13.953Z] Loaded command: log-channel
[2025-02-06T19:26:13.953Z] >> Preparing to load all events
[2025-02-06T19:26:13.953Z] >> Found 4 events to load
[2025-02-06T19:26:13.953Z] >> Loading event file: guildCreate.js
[2025-02-06T19:26:13.955Z] Loaded event: guildCreate
[2025-02-06T19:26:13.955Z] >> Registering recurring event: guildCreate
[2025-02-06T19:26:13.955Z] >> Loading event file: interactionCreate.js
[2025-02-06T19:26:13.956Z] Loaded event: interactionCreate
[2025-02-06T19:26:13.956Z] >> Registering recurring event: interactionCreate
[2025-02-06T19:26:13.956Z] >> Loading event file: messageCreate.js
[2025-02-06T19:26:13.972Z] (error #%d) Error occured during start up SyntaxError: Cannot use const statement outside a module
[2025-02-06T19:26:13.972Z] // ############################## //
[2025-02-06T19:28:51.016Z] // ############################## //
[2025-02-06T19:28:51.024Z] Loaded command: blacklist
[2025-02-06T19:28:51.026Z] Loaded command: log-channel
[2025-02-06T19:28:51.026Z] >> Preparing to load all events
[2025-02-06T19:28:51.026Z] >> Found 4 events to load
[2025-02-06T19:28:51.026Z] >> Loading event file: guildCreate.js
[2025-02-06T19:28:51.027Z] Loaded event: guildCreate
[2025-02-06T19:28:51.027Z] >> Registering recurring event: guildCreate
[2025-02-06T19:28:51.028Z] >> Loading event file: interactionCreate.js
[2025-02-06T19:28:51.028Z] Loaded event: interactionCreate
[2025-02-06T19:28:51.028Z] >> Registering recurring event: interactionCreate
[2025-02-06T19:28:51.028Z] >> Loading event file: messageCreate.js
[2025-02-06T19:28:51.033Z] (error #%d) Error occured during start up SyntaxError: Unexpected token 'export'
[2025-02-06T19:28:51.033Z] // ############################## //
[2025-02-06T19:30:32.058Z] // ############################## //
[2025-02-06T19:30:32.066Z] Loaded command: blacklist
[2025-02-06T19:30:32.067Z] Loaded command: log-channel
[2025-02-06T19:30:32.067Z] >> Preparing to load all events
[2025-02-06T19:30:32.068Z] >> Found 4 events to load
[2025-02-06T19:30:32.068Z] >> Loading event file: guildCreate.js
[2025-02-06T19:30:32.069Z] Loaded event: guildCreate
[2025-02-06T19:30:32.069Z] >> Registering recurring event: guildCreate
[2025-02-06T19:30:32.069Z] >> Loading event file: interactionCreate.js
[2025-02-06T19:30:32.070Z] Loaded event: interactionCreate
[2025-02-06T19:30:32.070Z] >> Registering recurring event: interactionCreate
[2025-02-06T19:30:32.070Z] >> Loading event file: messageCreate.js
[2025-02-06T19:30:32.075Z] (error #%d) Error occured during start up SyntaxError: Unexpected token 'export'
[2025-02-06T19:30:32.075Z] // ############################## //
